<?xml version="1.0" encoding="UTF-8"?>
<!-- Generated by org.testng.reporters.JUnitReportReporter -->
<testsuite hostname="DESKTOP-PK86BAT" failures="0" tests="4" name="api.test.UserTest" time="12.894" errors="0" timestamp="2024-03-13T02:47:18 IST" skipped="0">
  <testcase classname="api.test.UserTest" name="testPostUser" time="7.519"/>
  <testcase classname="api.test.UserTest" name="testGetUserByName" time="1.357"/>
  <testcase classname="api.test.UserTest" name="testUpdateUserByName" time="2.702"/>
  <testcase classname="api.test.UserTest" name="testDeleteUserByName" time="1.316"/>
</testsuite> <!-- api.test.UserTest -->
