<?xml version="1.0" encoding="UTF-8"?>
<!-- Generated by org.testng.reporters.JUnitReportReporter -->
<testsuite hostname="DESKTOP-PK86BAT" failures="0" tests="4" name="api.test.UserTest2" time="13.808" errors="0" timestamp="2024-03-13T14:53:33 IST" skipped="0">
  <testcase classname="api.test.UserTest2" name="testPostUser" time="8.391"/>
  <testcase classname="api.test.UserTest2" name="testGetUserByName" time="1.355"/>
  <testcase classname="api.test.UserTest2" name="testUpdateUserByName" time="2.747"/>
  <testcase classname="api.test.UserTest2" name="testDeleteUserByName" time="1.315"/>
</testsuite> <!-- api.test.UserTest2 -->
